<?xml version="1.0" encoding="UTF-8"?>
<!-- Generated by org.testng.reporters.JUnitReportReporter -->
<testsuite hostname="DESKTOP-VR22DQU" failures="0" tests="15" name="TestClass.Login_and_Add_User_Test" time="250.690" errors="0" timestamp="2025-02-20T12:20:56 IST" skipped="0">
  <testcase classname="TestClass.Login_and_Add_User_Test" name="To_verify_application_allow_to_click_on_Disagree_button" time="12.378"/>
  <system-out/>
  <testcase classname="TestClass.Login_and_Add_User_Test" name="To_verify_application_allow_to_click_on_Privacy_Policy_Terms_and_Condition_link" time="13.494"/>
  <system-out/>
  <testcase classname="TestClass.Login_and_Add_User_Test" name="To_Verify_On_Acknowledgement_page_application_allow_to_click_on_Agree_button" time="15.997"/>
  <system-out/>
  <testcase classname="TestClass.Login_and_Add_User_Test" name="To_verify_application_allow_to_login_without_passing_username_password_data_in_input_fields" time="10.302"/>
  <system-out/>
  <testcase classname="TestClass.Login_and_Add_User_Test" name="To_verify_application_allow_to_click_on_Forgot_Password_link" time="12.330"/>
  <system-out/>
  <testcase classname="TestClass.Login_and_Add_User_Test" name="To_verify_application_allow_to_click_on_Back_to_login_link" time="15.091"/>
  <system-out/>
  <testcase classname="TestClass.Login_and_Add_User_Test" name="To_verify_application_allow_to_pass_data_in_username_input_field" time="17.668"/>
  <system-out/>
  <testcase classname="TestClass.Login_and_Add_User_Test" name="To_verify_application_allow_to_pass_data_in_Password_input_field" time="10.317"/>
  <system-out/>
  <testcase classname="TestClass.Login_and_Add_User_Test" name="To_verify_application_allow_to_click_on_send_otp" time="12.307"/>
  <system-out/>
  <testcase classname="TestClass.Login_and_Add_User_Test" name="To_verify_after_passing_OTP_application_allow_to_click_on_login_button" time="28.282"/>
  <system-out/>
  <testcase classname="TestClass.Login_and_Add_User_Test" name="To_verify_application_allow_to_click_on_settings_and_then_User_management_tab" time="27.455"/>
  <system-out/>
  <testcase classname="TestClass.Login_and_Add_User_Test" name="To_verify_application_allow_to_click_on_add_user_button" time="19.920"/>
  <system-out/>
  <testcase classname="TestClass.Login_and_Add_User_Test" name="To_verify_application_allow_to_create_New_user_after_passing_valid_data_in_all_input_fields" time="14.545"/>
  <system-out/>
  <testcase classname="TestClass.Login_and_Add_User_Test" name="To_verify_created_user_showing_in_user_list" time="17.808"/>
  <system-out/>
  <testcase classname="TestClass.Login_and_Add_User_Test" name="To_verify_application_allow_to_delete_user" time="22.796"/>
  <system-out/>
</testsuite> <!-- TestClass.Login_and_Add_User_Test -->
