<?xml version="1.0" encoding="UTF-8"?>
<!-- Generated by org.testng.reporters.JUnitReportReporter -->
<testsuite hostname="DESKTOP-VR22DQU" failures="0" tests="13" name="TestClass.Login_Replica_Data_Driven" time="235.308" errors="0" timestamp="2025-02-19T19:14:54 IST" skipped="0">
  <testcase classname="TestClass.Login_Replica_Data_Driven" name="Verify_The_Title_of_Login_Page" time="11.341"/>
  <system-out/>
  <testcase classname="TestClass.Login_Replica_Data_Driven" name="To_verify_application_allow_to_login_without_passing_username_password" time="13.719"/>
  <system-out/>
  <testcase classname="TestClass.Login_Replica_Data_Driven" name="To_verify_application_allow_to_click_on_Forgot_Password_link" time="12.298"/>
  <system-out/>
  <testcase classname="TestClass.Login_Replica_Data_Driven" name="To_verify_application_allow_to_click_on_Back_to_login_link" time="15.071"/>
  <system-out/>
  <testcase classname="TestClass.Login_Replica_Data_Driven" name="To_verify_application_allow_to_pass_username_in_field" time="19.295"/>
  <system-out/>
  <testcase classname="TestClass.Login_Replica_Data_Driven" name="To_verify_application_allow_to_pass_Password_in_field" time="10.330"/>
  <system-out/>
  <testcase classname="TestClass.Login_Replica_Data_Driven" name="To_verify_application_allow_to_click_on_send_otp" time="12.345"/>
  <system-out/>
  <testcase classname="TestClass.Login_Replica_Data_Driven" name="To_verify_application_allow_to_click_on_login_button" time="33.291"/>
  <system-out/>
  <testcase classname="TestClass.Login_Replica_Data_Driven" name="To_verfy_application_allow_to_click_on_settings_tab" time="28.414"/>
  <system-out/>
  <testcase classname="TestClass.Login_Replica_Data_Driven" name="To_verfy_application_allow_to_click_on_add_user_button" time="22.129"/>
  <system-out/>
  <testcase classname="TestClass.Login_Replica_Data_Driven" name="To_verfy_application_allow_to_pass_data_in_firstname_input_field" time="14.446"/>
  <system-out/>
  <testcase classname="TestClass.Login_Replica_Data_Driven" name="To_verify_created_user_showing_in_user_list" time="19.293"/>
  <system-out/>
  <testcase classname="TestClass.Login_Replica_Data_Driven" name="To_verify_application_allow_to_delete_user" time="23.336"/>
  <system-out/>
</testsuite> <!-- TestClass.Login_Replica_Data_Driven -->
